#
# There is insufficient memory for the Java Runtime Environment to continue.
# Native memory allocation (malloc) failed to allocate 1048576 bytes for AllocateHeap
# Possible reasons:
#   The system is out of physical RAM or swap space
#   In 32 bit mode, the process size limit was hit
# Possible solutions:
#   Reduce memory load on the system
#   Increase physical memory or swap space
#   Check if swap backing store is full
#   Use 64 bit Java on a 64 bit OS
#   Decrease Java heap size (-Xmx/-Xms)
#   Decrease number of Java threads
#   Decrease Java thread stack sizes (-Xss)
#   Set larger code cache with -XX:ReservedCodeCacheSize=
# This output file may be truncated or incomplete.
#
#  Out of Memory Error (memory/allocation.inline.hpp:62), pid=40152, tid=28736
#
# JRE version:  (8.0_20-b26) (build )
# Java VM: Java HotSpot(TM) 64-Bit Server VM (25.20-b23 mixed mode windows-amd64 compressed oops)
# Failed to write core dump. Minidumps are not enabled by default on client versions of Windows
#

---------------  T H R E A D  ---------------

Current thread (0x0000000001f60800):  JavaThread "Unknown thread" [_thread_in_vm, id=28736, stack(0x0000000001dc0000,0x0000000001ec0000)]

Stack: [0x0000000001dc0000,0x0000000001ec0000]
Native frames: (J=compiled Java code, j=interpreted, Vv=VM code, C=native code)
V  [jvm.dll+0x3152fa]
V  [jvm.dll+0x265d03]
V  [jvm.dll+0x266943]
V  [jvm.dll+0x25e265]
V  [jvm.dll+0x25d2bf]
V  [jvm.dll+0x3d4dec]
V  [jvm.dll+0x3d0637]
V  [jvm.dll+0xe4472]
V  [jvm.dll+0x1f8a09]
V  [jvm.dll+0x229fc4]
V  [jvm.dll+0x14c6f1]
C  [javaw.exe+0x20c6]
C  [javaw.exe+0xc9eb]
C  [javaw.exe+0xca7f]
C  [KERNEL32.DLL+0x16ad]
C  [ntdll.dll+0x734a5]


---------------  P R O C E S S  ---------------

Java Threads: ( => current thread )

Other Threads:

=>0x0000000001f60800 (exited) JavaThread "Unknown thread" [_thread_in_vm, id=28736, stack(0x0000000001dc0000,0x0000000001ec0000)]

VM state:not at safepoint (normal execution)

VM Mutex/Monitor currently owned by a thread: None

Heap:
 PSYoungGen      total 38400K, used 665K [0x00000000d5f80000, 0x00000000d8a00000, 0x0000000100000000)
  eden space 33280K, 2% used [0x00000000d5f80000,0x00000000d6026670,0x00000000d8000000)
  from space 5120K, 0% used [0x00000000d8500000,0x00000000d8500000,0x00000000d8a00000)
  to   space 5120K, 0% used [0x00000000d8000000,0x00000000d8000000,0x00000000d8500000)
 ParOldGen       total 87552K, used 0K [0x0000000081e00000, 0x0000000087380000, 0x00000000d5f80000)
  object space 87552K, 0% used [0x0000000081e00000,0x0000000081e00000,0x0000000087380000)
 Metaspace       used 654K, capacity 4480K, committed 4480K, reserved 1056768K
  class space    used 66K, capacity 384K, committed 384K, reserved 1048576K

Card table byte_map: [0x0000000011420000,0x0000000011820000] byte_map_base: 0x0000000011011000

Marking Bits: (ParMarkBitMap*) 0x000000006ff8b460
 Begin Bits: [0x0000000011ed0000, 0x0000000013e58000)
 End Bits:   [0x0000000013e58000, 0x0000000015de0000)

Polling page: 0x0000000000450000

CodeCache: size=245760Kb used=327Kb max_used=327Kb free=245432Kb
 bounds [0x0000000002060000, 0x00000000022d0000, 0x0000000011060000]
 total_blobs=56 nmethods=0 adapters=37
 compilation: enabled

Compilation events (0 events):
No events

GC Heap History (0 events):
No events

Deoptimization events (0 events):
No events

Internal exceptions (0 events):
No events

Events (10 events):
Event: 0.040 loading class java/lang/Short
Event: 0.040 loading class java/lang/Short done
Event: 0.040 loading class java/lang/Integer
Event: 0.040 loading class java/lang/Integer done
Event: 0.040 loading class java/lang/Long
Event: 0.040 loading class java/lang/Long done
Event: 0.041 loading class java/lang/NullPointerException
Event: 0.041 loading class java/lang/NullPointerException done
Event: 0.041 loading class java/lang/ArithmeticException
Event: 0.041 loading class java/lang/ArithmeticException done


Dynamic libraries:
0x00007ff685aa0000 - 0x00007ff685ad4000 	C:\Program Files\Java\jre1.8.0_20\bin\javaw.exe
0x00007ffcd5c90000 - 0x00007ffcd5e3a000 	C:\WINDOWS\SYSTEM32\ntdll.dll
0x00007ffcd4ff0000 - 0x00007ffcd512a000 	C:\WINDOWS\system32\KERNEL32.DLL
0x00007ffcd31d0000 - 0x00007ffcd32df000 	C:\WINDOWS\system32\KERNELBASE.dll
0x00007ffcd0560000 - 0x00007ffcd05e8000 	C:\WINDOWS\system32\apphelp.dll
0x00007ffcbe420000 - 0x00007ffcbe46f000 	C:\WINDOWS\AppPatch\AppPatch64\AcGenral.DLL
0x00007ffcd5130000 - 0x00007ffcd51d7000 	C:\WINDOWS\system32\msvcrt.dll
0x00007ffcd2eb0000 - 0x00007ffcd2edb000 	C:\WINDOWS\SYSTEM32\SspiCli.dll
0x00007ffcd5240000 - 0x00007ffcd5291000 	C:\WINDOWS\system32\SHLWAPI.dll
0x00007ffcd5940000 - 0x00007ffcd5ab1000 	C:\WINDOWS\system32\USER32.dll
0x00007ffcd5750000 - 0x00007ffcd58c8000 	C:\WINDOWS\system32\ole32.dll
0x00007ffcd39f0000 - 0x00007ffcd4e0f000 	C:\WINDOWS\system32\SHELL32.dll
0x00007ffcd2690000 - 0x00007ffcd26ae000 	C:\WINDOWS\SYSTEM32\USERENV.dll
0x00007ffcd55e0000 - 0x00007ffcd5685000 	C:\WINDOWS\system32\ADVAPI32.dll
0x00007ffcc5b90000 - 0x00007ffcc5bab000 	C:\WINDOWS\SYSTEM32\MPR.dll
0x00007ffcd38b0000 - 0x00007ffcd39e7000 	C:\WINDOWS\system32\RPCRT4.dll
0x00007ffcd5b60000 - 0x00007ffcd5bb7000 	C:\WINDOWS\SYSTEM32\sechost.dll
0x00007ffcd36d0000 - 0x00007ffcd38a6000 	C:\WINDOWS\SYSTEM32\combase.dll
0x00007ffcd52a0000 - 0x00007ffcd53e4000 	C:\WINDOWS\system32\GDI32.dll
0x00007ffcd3000000 - 0x00007ffcd3014000 	C:\WINDOWS\SYSTEM32\profapi.dll
0x00007ffccfee0000 - 0x00007ffccff7f000 	C:\WINDOWS\SYSTEM32\SHCORE.dll
0x00007ffcd4fb0000 - 0x00007ffcd4fe4000 	C:\WINDOWS\system32\IMM32.DLL
0x00007ffcd4e70000 - 0x00007ffcd4fa9000 	C:\WINDOWS\system32\MSCTF.dll
0x00007ffccf470000 - 0x00007ffccf6ca000 	C:\WINDOWS\WinSxS\amd64_microsoft.windows.common-controls_6595b64144ccf1df_6.0.9600.17031_none_6242a4b3ecbb55a1\COMCTL32.dll
0x0000000070540000 - 0x0000000070612000 	C:\Program Files\Java\jre1.8.0_20\bin\msvcr100.dll
0x000000006f7b0000 - 0x0000000070008000 	C:\Program Files\Java\jre1.8.0_20\bin\server\jvm.dll
0x00007ffcd00b0000 - 0x00007ffcd00b9000 	C:\WINDOWS\SYSTEM32\WSOCK32.dll
0x00007ffcc7360000 - 0x00007ffcc737f000 	C:\WINDOWS\SYSTEM32\WINMM.dll
0x00007ffcd5690000 - 0x00007ffcd5697000 	C:\WINDOWS\system32\PSAPI.DLL
0x00007ffcd58e0000 - 0x00007ffcd5938000 	C:\WINDOWS\system32\WS2_32.dll
0x00007ffcc5af0000 - 0x00007ffcc5b1a000 	C:\WINDOWS\SYSTEM32\WINMMBASE.dll
0x00007ffcd5c80000 - 0x00007ffcd5c89000 	C:\WINDOWS\system32\NSI.dll
0x00007ffcd34c0000 - 0x00007ffcd350a000 	C:\WINDOWS\SYSTEM32\cfgmgr32.dll
0x00007ffcd1e90000 - 0x00007ffcd1eb6000 	C:\WINDOWS\SYSTEM32\DEVOBJ.dll
0x00000000706e0000 - 0x00000000706ef000 	C:\Program Files\Java\jre1.8.0_20\bin\verify.dll
0x00000000706b0000 - 0x00000000706d8000 	C:\Program Files\Java\jre1.8.0_20\bin\java.dll
0x0000000070690000 - 0x00000000706a6000 	C:\Program Files\Java\jre1.8.0_20\bin\zip.dll
0x00007ffcd1420000 - 0x00007ffcd15a8000 	C:\WINDOWS\SYSTEM32\dbghelp.dll

VM Arguments:
jvm_args: -Dfile.encoding=Cp1252 
java_command: MineSweeper
java_class_path (initial): C:\Users\murth_000\SkyDrive\Documents\School\2014-2015\Computer Science\Minesweeper\bin
Launcher Type: SUN_STANDARD

Environment Variables:
CLASSPATH=.;C:\Program Files (x86)\Java\jre7\lib\ext\QTJava.zip
PATH=C:/Program Files/Java/jre1.8.0_20/bin/server;C:/Program Files/Java/jre1.8.0_20/bin;C:/Program Files/Java/jre1.8.0_20/lib/amd64;C:\ProgramData\Oracle\Java\javapath;C:\Program Files (x86)\Intel\iCLS Client\;C:\Program Files\Intel\iCLS Client\;C:\WINDOWS\system32;C:\WINDOWS;C:\WINDOWS\System32\Wbem;C:\WINDOWS\System32\WindowsPowerShell\v1.0\;C:\Program Files\Intel\Intel(R) Management Engine Components\DAL;C:\Program Files\Intel\Intel(R) Management Engine Components\IPT;C:\Program Files (x86)\Intel\Intel(R) Management Engine Components\DAL;C:\Program Files (x86)\Intel\Intel(R) Management Engine Components\IPT;C:\Program Files (x86)\Intel\OpenCL SDK\2.0\bin\x86;C:\Program Files (x86)\Intel\OpenCL SDK\2.0\bin\x64;C:\Program Files (x86)\QuickTime\QTSystem\;C:\Program Files (x86)\IVI Foundation\VISA\WinNT\Bin;C:\Users\murth_000\Documents\eclipse-standard-luna-R-win32-x86_64\eclipse;
USERNAME=murth_000
OS=Windows_NT
PROCESSOR_IDENTIFIER=Intel64 Family 6 Model 58 Stepping 9, GenuineIntel



---------------  S Y S T E M  ---------------

OS: Windows 8.1 , 64 bit Build 9600 

CPU:total 4 (2 cores per cpu, 2 threads per core) family 6 model 58 stepping 9, cmov, cx8, fxsr, mmx, sse, sse2, sse3, ssse3, sse4.1, sse4.2, popcnt, avx, aes, clmul, erms, ht, tsc, tscinvbit, tscinv

Memory: 4k page, physical 8264984k(751244k free), swap 33430808k(5816k free)

vm_info: Java HotSpot(TM) 64-Bit Server VM (25.20-b23) for windows-amd64 JRE (1.8.0_20-b26), built on Jul 30 2014 13:51:23 by "java_re" with MS VC++ 10.0 (VS2010)

time: Wed Oct 08 09:02:31 2014
elapsed time: 0 seconds (0d 0h 0m 0s)

